2023-12-07T19:52:59	Start	FOO
2023-12-07T20:52:59	Stop	FOO
2023-12-07T19:53:41	Start	BAR
2023-12-07T19:53:45	Stop	BAR
2023-12-07T19:54:25	Start	TUT
2023-12-07T20:54:28	Stop	TUT
2023-12-07T21:02:15	Rename	BAR	IBB
2023-12-07T21:02:52	Start	IBB
2023-12-07T21:03:42	Stop	IBB
2023-12-07T21:04:32	Rename	IBB	WERT
2023-12-07T21:04:42	Start	WERT
2023-12-07T21:04:47	Stop	WERT
2023-12-07T21:38:39	Start	FOO
2023-12-07T21:38:46	Stop	FOO
2023-12-07T21:39:36	Rename	FOO	WAKA
2023-12-07T23:00:02	Size	FOO	L
2023-12-07T23:00:22	Describe	FOO	"bar"	L
2023-12-07T23:01:38	Describe	FOO	"bar"
2023-12-07T23:03:41	Describe	FOO	"bar"
2023-12-07T23:04:53	Describe	FOO	"bar"
2023-12-07T23:05:13	Describe	FOO	"bar"
